<?xml version="1.0" encoding="UTF-8"?>
<testng-results ignored="0" total="1" passed="1" failed="0" skipped="0">
  <reporter-output>
  </reporter-output>
  <suite started-at="2023-07-21T15:45:48 IST" name="Default suite" finished-at="2023-07-21T15:45:53 IST" duration-ms="4692">
    <groups>
    </groups>
    <test started-at="2023-07-21T15:45:48 IST" name="Default test" finished-at="2023-07-21T15:45:53 IST" duration-ms="4692">
      <class name="com.Berd.testcases.Test_IndexPage">
        <test-method is-config="true" signature="setupBrowser()[pri:0, instance:com.Berd.testcases.Test_IndexPage@6adbc9d]" started-at="2023-07-21T15:45:48 IST" name="setupBrowser" finished-at="2023-07-21T15:45:53 IST" duration-ms="4567" status="PASS">
          <reporter-output>
          </reporter-output>
        </test-method> <!-- setupBrowser -->
        <test-method signature="TC001()[pri:0, instance:com.Berd.testcases.Test_IndexPage@6adbc9d]" started-at="2023-07-21T15:45:53 IST" name="TC001" finished-at="2023-07-21T15:45:53 IST" duration-ms="15" status="PASS">
          <reporter-output>
          </reporter-output>
        </test-method> <!-- TC001 -->
      </class> <!-- com.Berd.testcases.Test_IndexPage -->
    </test> <!-- Default test -->
  </suite> <!-- Default suite -->
</testng-results>
